# JRE version: OpenJDK Runtime Environment (17.0.6) (build 17.0.6+0-b2043.56-10027231)
# Java VM: OpenJDK 64-Bit Server VM (17.0.6+0-b2043.56-10027231, mixed mode, tiered, compressed oops, compressed class ptrs, g1 gc, windows-amd64)
GC Precious Log:
 CPUs: 12 total, 12 available
 Memory: 16085M
 Large Page Support: Disabled
 NUMA Support: Disabled
 Compressed Oops: Enabled (32-bit)
 Heap Region Size: 1M
 Heap Min Capacity: 8M
 Heap Initial Capacity: 252M
 Heap Max Capacity: 2G
 Pre-touch: Disabled
 Parallel Workers: 10
 Concurrent Workers: 3
 Concurrent Refinement Workers: 10
 Periodic GC: Disabled
Heap:
 garbage-first heap   total 315392K, used 163034K [0x0000000080000000, 0x0000000100000000)
  region size 1024K, 13 young (13312K), 13 survivors (13312K)
 Metaspace       used 140625K, committed 141632K, reserved 1171456K
  class space    used 18867K, committed 19328K, reserved 1048576K
GC Heap History (20 events):
Event: 43.819 GC heap after
{Heap after GC invocations=48 (full 0):
 garbage-first heap   total 315392K, used 132960K [0x0000000080000000, 0x0000000100000000)
  region size 1024K, 3 young (3072K), 3 survivors (3072K)
 Metaspace       used 112857K, committed 113664K, reserved 1155072K
  class space    used 14880K, committed 15296K, reserved 1048576K
}
Event: 43.915 GC heap before
{Heap before GC invocations=48 (full 0):
 garbage-first heap   total 315392K, used 161632K [0x0000000080000000, 0x0000000100000000)
  region size 1024K, 33 young (33792K), 3 survivors (3072K)
 Metaspace       used 112975K, committed 113792K, reserved 1155072K
  class space    used 14884K, committed 15296K, reserved 1048576K
}
Event: 43.917 GC heap after
{Heap after GC invocations=49 (full 0):
 garbage-first heap   total 315392K, used 132957K [0x0000000080000000, 0x0000000100000000)
  region size 1024K, 3 young (3072K), 3 survivors (3072K)
 Metaspace       used 112975K, committed 113792K, reserved 1155072K
  class space    used 14884K, committed 15296K, reserved 1048576K
}
Event: 52.355 GC heap before
{Heap before GC invocations=50 (full 0):
 garbage-first heap   total 315392K, used 268125K [0x0000000080000000, 0x0000000100000000)
  region size 1024K, 110 young (112640K), 3 survivors (3072K)
 Metaspace       used 113440K, committed 114304K, reserved 1155072K
  class space    used 14917K, committed 15360K, reserved 1048576K
}
Event: 52.362 GC heap after
{Heap after GC invocations=51 (full 0):
 garbage-first heap   total 315392K, used 141472K [0x0000000080000000, 0x0000000100000000)
  region size 1024K, 11 young (11264K), 11 survivors (11264K)
 Metaspace       used 113440K, committed 114304K, reserved 1155072K
  class space    used 14917K, committed 15360K, reserved 1048576K
}
Event: 52.396 GC heap before
{Heap before GC invocations=51 (full 0):
 garbage-first heap   total 315392K, used 145568K [0x0000000080000000, 0x0000000100000000)
  region size 1024K, 15 young (15360K), 11 survivors (11264K)
 Metaspace       used 113481K, committed 114304K, reserved 1155072K
  class space    used 14917K, committed 15360K, reserved 1048576K
}
Event: 52.403 GC heap after
{Heap after GC invocations=52 (full 0):
 garbage-first heap   total 315392K, used 139960K [0x0000000080000000, 0x0000000100000000)
  region size 1024K, 2 young (2048K), 2 survivors (2048K)
 Metaspace       used 113481K, committed 114304K, reserved 1155072K
  class space    used 14917K, committed 15360K, reserved 1048576K
}
Event: 471.741 GC heap before
{Heap before GC invocations=52 (full 0):
 garbage-first heap   total 315392K, used 246456K [0x0000000080000000, 0x0000000100000000)
  region size 1024K, 107 young (109568K), 2 survivors (2048K)
 Metaspace       used 114247K, committed 115200K, reserved 1155072K
  class space    used 14995K, committed 15488K, reserved 1048576K
}
Event: 471.746 GC heap after
{Heap after GC invocations=53 (full 0):
 garbage-first heap   total 315392K, used 148811K [0x0000000080000000, 0x0000000100000000)
  region size 1024K, 11 young (11264K), 11 survivors (11264K)
 Metaspace       used 114247K, committed 115200K, reserved 1155072K
  class space    used 14995K, committed 15488K, reserved 1048576K
}
Event: 472.379 GC heap before
{Heap before GC invocations=54 (full 0):
 garbage-first heap   total 315392K, used 250187K [0x0000000080000000, 0x0000000100000000)
  region size 1024K, 109 young (111616K), 11 survivors (11264K)
 Metaspace       used 121735K, committed 122624K, reserved 1163264K
  class space    used 15956K, committed 16384K, reserved 1048576K
}
Event: 472.389 GC heap after
{Heap after GC invocations=55 (full 0):
 garbage-first heap   total 315392K, used 169984K [0x0000000080000000, 0x0000000100000000)
  region size 1024K, 14 young (14336K), 14 survivors (14336K)
 Metaspace       used 121735K, committed 122624K, reserved 1163264K
  class space    used 15956K, committed 16384K, reserved 1048576K
}
Event: 472.396 GC heap before
{Heap before GC invocations=55 (full 0):
 garbage-first heap   total 315392K, used 171008K [0x0000000080000000, 0x0000000100000000)
  region size 1024K, 15 young (15360K), 14 survivors (14336K)
 Metaspace       used 121773K, committed 122688K, reserved 1163264K
  class space    used 15961K, committed 16384K, reserved 1048576K
}
Event: 472.404 GC heap after
{Heap after GC invocations=56 (full 0):
 garbage-first heap   total 315392K, used 156893K [0x0000000080000000, 0x0000000100000000)
  region size 1024K, 2 young (2048K), 2 survivors (2048K)
 Metaspace       used 121773K, committed 122688K, reserved 1163264K
  class space    used 15961K, committed 16384K, reserved 1048576K
}
Event: 473.051 GC heap before
{Heap before GC invocations=56 (full 0):
 garbage-first heap   total 315392K, used 243933K [0x0000000080000000, 0x0000000100000000)
  region size 1024K, 88 young (90112K), 2 survivors (2048K)
 Metaspace       used 131233K, committed 132224K, reserved 1163264K
  class space    used 17306K, committed 17728K, reserved 1048576K
}
Event: 473.057 GC heap after
{Heap after GC invocations=57 (full 0):
 garbage-first heap   total 315392K, used 165085K [0x0000000080000000, 0x0000000100000000)
  region size 1024K, 10 young (10240K), 10 survivors (10240K)
 Metaspace       used 131233K, committed 132224K, reserved 1163264K
  class space    used 17306K, committed 17728K, reserved 1048576K
}
Event: 898.293 GC heap before
{Heap before GC invocations=58 (full 0):
 garbage-first heap   total 315392K, used 267485K [0x0000000080000000, 0x0000000100000000)
  region size 1024K, 92 young (94208K), 10 survivors (10240K)
 Metaspace       used 140289K, committed 141248K, reserved 1171456K
  class space    used 18865K, committed 19328K, reserved 1048576K
}
Event: 898.299 GC heap after
{Heap after GC invocations=59 (full 0):
 garbage-first heap   total 315392K, used 161023K [0x0000000080000000, 0x0000000100000000)
  region size 1024K, 4 young (4096K), 4 survivors (4096K)
 Metaspace       used 140289K, committed 141248K, reserved 1171456K
  class space    used 18865K, committed 19328K, reserved 1048576K
}
Event: 898.339 GC heap before
{Heap before GC invocations=59 (full 0):
 garbage-first heap   total 315392K, used 171263K [0x0000000080000000, 0x0000000100000000)
  region size 1024K, 15 young (15360K), 4 survivors (4096K)
 Metaspace       used 140291K, committed 141248K, reserved 1171456K
  class space    used 18865K, committed 19328K, reserved 1048576K
}
Event: 898.347 GC heap after
{Heap after GC invocations=60 (full 0):
 garbage-first heap   total 315392K, used 149520K [0x0000000080000000, 0x0000000100000000)
  region size 1024K, 2 young (2048K), 2 survivors (2048K)
 Metaspace       used 140291K, committed 141248K, reserved 1171456K
  class space    used 18865K, committed 19328K, reserved 1048576K
}
Event: 898.753 GC heap before
{Heap before GC invocations=60 (full 0):
 garbage-first heap   total 315392K, used 231440K [0x0000000080000000, 0x0000000100000000)
  region size 1024K, 84 young (86016K), 2 survivors (2048K)
 Metaspace       used 140625K, committed 141632K, reserved 1171456K
  class space    used 18867K, committed 19328K, reserved 1048576K
}

